<?xml version="1.0" encoding="UTF-8"?>
<testng-results ignored="0" total="1" passed="1" failed="0" skipped="0">
  <reporter-output>
  </reporter-output>
  <suite started-at="2021-02-19T15:32:01Z" name="Default suite" finished-at="2021-02-19T15:33:04Z" duration-ms="63615">
    <groups>
    </groups>
    <test started-at="2021-02-19T15:32:01Z" name="Default test" finished-at="2021-02-19T15:33:04Z" duration-ms="63615">
      <class name="PACKAGE1.AccessingGratitudeReaction">
        <test-method is-config="true" signature="configuration()[pri:0, instance:PACKAGE1.AccessingGratitudeReaction@436a4e4b]" started-at="2021-02-19T15:31:55Z" name="configuration" finished-at="2021-02-19T15:32:01Z" duration-ms="5197" status="PASS">
          <reporter-output>
          </reporter-output>
        </test-method> <!-- configuration -->
        <test-method is-config="true" signature="beforeEach(java.lang.reflect.Method, java.lang.String)[pri:0, instance:PACKAGE1.AccessingGratitudeReaction@436a4e4b]" started-at="2021-02-19T15:32:01Z" name="beforeEach" finished-at="2021-02-19T15:32:03Z" duration-ms="1813" status="PASS">
          <params>
            <param index="0">
              <value>
                <![CDATA[public void PACKAGE1.AccessingGratitudeReaction.accessinggratitudereaction() throws java.lang.InterruptedException]]>
              </value>
            </param>
            <param index="1">
              <value>
                <![CDATA[IamOptional]]>
              </value>
            </param>
          </params>
          <reporter-output>
          </reporter-output>
        </test-method> <!-- beforeEach -->
        <test-method signature="accessinggratitudereaction()[pri:0, instance:PACKAGE1.AccessingGratitudeReaction@436a4e4b]" started-at="2021-02-19T15:32:03Z" name="accessinggratitudereaction" finished-at="2021-02-19T15:33:04Z" duration-ms="61784" status="PASS">
          <reporter-output>
          </reporter-output>
        </test-method> <!-- accessinggratitudereaction -->
        <test-method is-config="true" signature="afterEachTestCase(org.testng.ITestResult)[pri:0, instance:PACKAGE1.AccessingGratitudeReaction@436a4e4b]" started-at="2021-02-19T15:33:04Z" name="afterEachTestCase" finished-at="2021-02-19T15:33:04Z" duration-ms="1" status="PASS">
          <params>
            <param index="0">
              <value>
                <![CDATA[[TestResult name=accessinggratitudereaction status=SUCCESS method=AccessingGratitudeReaction.accessinggratitudereaction()[pri:0, instance:PACKAGE1.AccessingGratitudeReaction@436a4e4b] output={null}]]]>
              </value>
            </param>
          </params>
          <reporter-output>
          </reporter-output>
        </test-method> <!-- afterEachTestCase -->
        <test-method is-config="true" signature="afterAll()[pri:0, instance:PACKAGE1.AccessingGratitudeReaction@436a4e4b]" started-at="2021-02-19T15:33:09Z" name="afterAll" finished-at="2021-02-19T15:33:10Z" duration-ms="312" status="PASS">
          <reporter-output>
          </reporter-output>
        </test-method> <!-- afterAll -->
      </class> <!-- PACKAGE1.AccessingGratitudeReaction -->
    </test> <!-- Default test -->
  </suite> <!-- Default suite -->
</testng-results>
